<?xml version="1.0" encoding="UTF-8"?>
<!-- Generated by org.testng.reporters.JUnitReportReporter -->
<testsuite skipped="0" hostname="niweda" name="AutomationPractice.AssignmentDataDrivenTest" tests="1" failures="0" timestamp="17 May 2020 06:13:32 GMT" time="73.926" errors="0">
  <testcase name="BookingFLow" time="73.926" classname="AutomationPractice.AssignmentDataDrivenTest"/>
</testsuite> <!-- AutomationPractice.AssignmentDataDrivenTest -->
